Build started 1/17/2015 9:29:19 PM.
     1>Project "D:\Google Drive\University\2A\Human Computer Interaction\Projects\Term\FingRRR\FingRRR\FingRRR.vcxproj" on node 2 (Build target(s)).
     1>C:\Program Files (x86)\MSBuild\Microsoft.Cpp\v4.0\V120\Microsoft.CppBuild.targets(381,5): warning MSB8028: The intermediate directory (x64\Debug\) contains files shared from another project (FingRRR_HCI_Prj01.vcxproj).  This can lead to incorrect clean and rebuild behavior.
     1>ClCompile:
         C:\Program Files (x86)\Microsoft Visual Studio 12.0\VC\bin\x86_amd64\CL.exe /c /Zi /nologo /W3 /WX- /sdl /Od /D _CRT_SECURE_NO_WARNINGS /D _MBCS /Gm /EHsc /RTC1 /MDd /GS /fp:precise /Zc:wchar_t /Zc:forScope /Fo"x64\Debug\\" /Fd"x64\Debug\vc120.pdb" /Gd /TP /errorReport:prompt FingRRR.cpp main.cpp
         main.cpp
     1>d:\google drive\university\2a\human computer interaction\projects\term\fingrrr\fingrrr\FingRRR.h(18): warning C4005: '_CRT_SECURE_NO_WARNINGS' : macro redefinition
                 command-line arguments :  see previous definition of '_CRT_SECURE_NO_WARNINGS'
     1>main.cpp(58): warning C4101: 'key' : unreferenced local variable
         FingRRR.cpp
     1>d:\google drive\university\2a\human computer interaction\projects\term\fingrrr\fingrrr\FingRRR.h(18): warning C4005: '_CRT_SECURE_NO_WARNINGS' : macro redefinition
                 command-line arguments :  see previous definition of '_CRT_SECURE_NO_WARNINGS'
     1>FingRRR.cpp(109): warning C4244: 'argument' : conversion from 'int' to 'float', possible loss of data
     1>FingRRR.cpp(128): warning C4267: 'initializing' : conversion from 'size_t' to 'int', possible loss of data
     1>FingRRR.cpp(133): warning C4800: 'int' : forcing value to bool 'true' or 'false' (performance warning)
     1>FingRRR.cpp(264): warning C4244: '=' : conversion from 'double' to 'uchar', possible loss of data
     1>FingRRR.cpp(265): warning C4244: '=' : conversion from 'double' to 'uchar', possible loss of data
     1>FingRRR.cpp(266): warning C4244: '=' : conversion from 'double' to 'uchar', possible loss of data
     1>FingRRR.cpp(303): warning C4244: '=' : conversion from 'double' to 'uchar', possible loss of data
     1>FingRRR.cpp(304): warning C4244: '=' : conversion from 'double' to 'uchar', possible loss of data
     1>FingRRR.cpp(305): warning C4244: '=' : conversion from 'double' to 'uchar', possible loss of data
     1>FingRRR.cpp(337): warning C4244: '=' : conversion from 'double' to 'uchar', possible loss of data
     1>FingRRR.cpp(338): warning C4244: '=' : conversion from 'double' to 'uchar', possible loss of data
     1>FingRRR.cpp(339): warning C4244: '=' : conversion from 'double' to 'uchar', possible loss of data
     1>FingRRR.cpp(353): warning C4244: '=' : conversion from 'double' to 'uchar', possible loss of data
     1>FingRRR.cpp(354): warning C4244: '=' : conversion from 'double' to 'uchar', possible loss of data
     1>FingRRR.cpp(355): warning C4244: '=' : conversion from 'double' to 'uchar', possible loss of data
     1>FingRRR.cpp(625): warning C4244: '=' : conversion from 'double' to 'int', possible loss of data
     1>FingRRR.cpp(760): warning C4244: 'argument' : conversion from 'double' to 'clock_t', possible loss of data
     1>FingRRR.cpp(769): warning C4244: 'argument' : conversion from 'double' to 'clock_t', possible loss of data
     1>FingRRR.cpp(785): warning C4244: 'argument' : conversion from 'double' to 'clock_t', possible loss of data
     1>FingRRR.cpp(793): warning C4244: 'argument' : conversion from 'double' to 'clock_t', possible loss of data
     1>FingRRR.cpp(1041): warning C4244: 'argument' : conversion from 'int' to 'float', possible loss of data
     1>FingRRR.cpp(483): warning C4244: '=' : conversion from 'double' to 'int', possible loss of data
                 FingRRR.cpp(580) : see reference to function template instantiation 'void fixCoord<int>(T &,T &)' being compiled
                 with
                 [
                     T=int
                 ]
     1>FingRRR.cpp(484): warning C4244: '=' : conversion from 'double' to 'int', possible loss of data
     1>FingRRR.cpp(499): warning C4244: '=' : conversion from 'double' to 'int', possible loss of data
                 FingRRR.cpp(581) : see reference to function template instantiation 'void extendCoord<int>(T &,T &,int &,int &)' being compiled
                 with
                 [
                     T=int
                 ]
     1>FingRRR.cpp(500): warning C4244: '=' : conversion from 'double' to 'int', possible loss of data
     1>FingRRR.cpp(744): warning C4244: '+=' : conversion from 'double' to 'int', possible loss of data
                 FingRRR.cpp(760) : see reference to function template instantiation 'void posFuncConst<int>(T *,clock_t,clock_t,clock_t,clock_t,int,double *)' being compiled
                 with
                 [
                     T=int
                 ]
         Generating Code...
       Link:
         C:\Program Files (x86)\Microsoft Visual Studio 12.0\VC\bin\x86_amd64\link.exe /ERRORREPORT:PROMPT /OUT:"D:\Google Drive\University\2A\Human Computer Interaction\Projects\Term\FingRRR\x64\Debug\FingRRR.exe" /INCREMENTAL /NOLOGO pthreadVC2.lib opencv_core249d.lib opencv_highgui249d.lib opencv_imgproc249d.lib opencv_video249d.lib kernel32.lib user32.lib gdi32.lib winspool.lib comdlg32.lib advapi32.lib shell32.lib ole32.lib oleaut32.lib uuid.lib odbc32.lib odbccp32.lib /MANIFEST /MANIFESTUAC:"level='asInvoker' uiAccess='false'" /manifest:embed /DEBUG /PDB:"D:\Google Drive\University\2A\Human Computer Interaction\Projects\Term\FingRRR\x64\Debug\FingRRR.pdb" /TLBID:1 /DYNAMICBASE /NXCOMPAT /IMPLIB:"D:\Google Drive\University\2A\Human Computer Interaction\Projects\Term\FingRRR\x64\Debug\FingRRR.lib" /MACHINE:X64 x64\Debug\FingRRR.obj
         x64\Debug\main.obj
         FingRRR.vcxproj -> D:\Google Drive\University\2A\Human Computer Interaction\Projects\Term\FingRRR\x64\Debug\FingRRR.exe
     1>Done Building Project "D:\Google Drive\University\2A\Human Computer Interaction\Projects\Term\FingRRR\FingRRR\FingRRR.vcxproj" (Build target(s)).

Build succeeded.

Time Elapsed 00:00:02.02
